2025-01-09 00:50:14,934 [INFO] Loading model and dataset...
2025-01-09 00:50:25,982 [INFO] Running predictions...
2025-01-09 01:51:28,628 [INFO] Loading model and dataset...
2025-01-09 01:51:32,665 [INFO] Running predictions...
2025-01-09 01:55:49,175 [INFO] Starting model diagnostics...
2025-01-09 01:55:49,177 [INFO] Using device: cuda
2025-01-09 02:08:59,090 [INFO] Running comprehensive model analysis...
2025-01-09 02:08:59,189 [INFO] 
Overall Model Performance Metrics:
2025-01-09 02:08:59,191 [INFO] --------------------------------------------------
2025-01-09 02:08:59,192 [INFO] MSE                 : 0.0003
2025-01-09 02:08:59,193 [INFO] RMSE                : 0.0187
2025-01-09 02:08:59,193 [INFO] MAE                 : 0.0060
2025-01-09 02:08:59,195 [INFO] R²                  : 0.9963
2025-01-09 02:08:59,195 [INFO] MAPE                : 1.1884
2025-01-09 02:08:59,196 [INFO] Median APE          : 0.5355
2025-01-09 02:09:28,563 [INFO] Diagnostics complete. Results saved to ./diagnostics
2025-01-09 02:26:03,768 [INFO] Starting model diagnostics...
2025-01-09 02:26:03,772 [INFO] Using device: cuda
2025-01-09 02:41:44,489 [INFO] Running comprehensive model analysis...
2025-01-09 02:41:44,585 [INFO] 
Overall Model Performance Metrics:
2025-01-09 02:41:44,587 [INFO] --------------------------------------------------
2025-01-09 02:41:44,588 [INFO] MSE                 : 0.0003
2025-01-09 02:41:44,588 [INFO] RMSE                : 0.0187
2025-01-09 02:41:44,589 [INFO] MAE                 : 0.0060
2025-01-09 02:41:44,590 [INFO] R²                  : 0.9963
2025-01-09 02:41:44,590 [INFO] MAPE                : 1.1884
2025-01-09 02:41:44,591 [INFO] Median APE          : 0.5355
2025-01-09 02:42:12,456 [INFO] 
Analyzing generalization to size 14...
2025-01-09 02:42:22,302 [INFO] 
Size 14 Performance Metrics:
2025-01-09 02:42:22,303 [INFO] --------------------------------------------------
2025-01-09 02:42:22,305 [INFO] MSE                 : 0.0016
2025-01-09 02:42:22,306 [INFO] MAE                 : 0.0184
2025-01-09 02:42:22,306 [INFO] R²                  : 0.9885
2025-01-09 02:42:22,307 [INFO] MAPE                : 3.3227
2025-01-09 02:42:22,307 [INFO] Count               : 214866.0000
2025-01-09 02:42:22,308 [INFO] Mean Error          : -0.0180
2025-01-09 02:42:22,309 [INFO] Error Std           : 0.0358
2025-01-09 02:42:22,316 [INFO] Diagnostics complete. Results saved to ./diagnostics
